<?xml version="1.0" encoding="UTF-8"?>
<testsuite xmlns:xsi="http://www.w3.org/2001/XMLSchema-instance" xsi:noNamespaceSchemaLocation="https://maven.apache.org/surefire/maven-surefire-plugin/xsd/surefire-test-report-3.0.xsd" version="3.0" name="decisions_theory.Assignment2Test" time="0.16" tests="1" errors="0" skipped="0" failures="0">
  <properties>
[...]
</properties>
  <testcase name="testAssignment2" classname="decisions_theory.Assignment2Test" time="0.11">
    <system-out><![CDATA[Матрица максимальных элементов Amax (итерация 1): 
   0   1   1   1   1   1
   1   0   1   1   1   1
   1   1   0   1   1   1
   1   1   1   0   1   1
   1   1   1   1   0   1
   1   1   1   0   1   0


Матрица потерь P (итерация 1): 
   0  14  12  16   4  12
   4   0  12  15   4   9
   6   6   0   8   4   4
   2   3  10   0   2   2
  14  14  14  16   0  12
   6   9  14   7   6   0


Матрица Q (итерация 1): 
 171 171 153 157 187 176
 189 171 167 170 201 187
 207 193 171 179 217 198
 212 199 190 180 224 205
 173 159 143 145 171 164
 193 182 171 164 205 180


Удаляемые решения k и l (итерация 1): 5, 3

Матрица парных сравнений для эксперта 1 (итерация 1): 
     1   2   4   6
1    0  -1  -1   1
2    1   0   1   1
4    1  -1   0   1
6   -1  -1  -1   0


Матрица парных сравнений для эксперта 2 (итерация 1): 
     1   2   4   6
1    0   1   1   1
2   -1   0   0   1
4   -1   0   0   1
6   -1  -1  -1   0


Матрица парных сравнений для эксперта 3 (итерация 1): 
     1   2   4   6
1    0  -1  -1  -1
2    1   0  -1  -1
4    1   1   0   0
6    1   1   0   0


Матрица парных сравнений для эксперта 4 (итерация 1): 
     1   2   4   6
1    0  -1  -1  -1
2    1   0  -1   0
4    1   1   0   1
6    1   0  -1   0


Матрица парных сравнений для эксперта 5 (итерация 1): 
     1   2   4   6
1    0  -1  -1  -1
2    1   0  -1   0
4    1   1   0   1
6    1   0  -1   0


Матрица парных сравнений для эксперта 6 (итерация 1): 
     1   2   4   6
1    0   0  -1  -1
2    0   0  -1  -1
4    1   1   0   0
6    1   1   0   0


Матрица парных сравнений для эксперта 7 (итерация 1): 
     1   2   4   6
1    0  -1  -1  -1
2    1   0  -1  -1
4    1   1   0   1
6    1   1  -1   0


Матрица парных сравнений для эксперта 8 (итерация 1): 
     1   2   4   6
1    0   0  -1   1
2    0   0  -1   1
4    1   1   0   1
6   -1  -1  -1   0


Матрица парных сравнений для эксперта 9 (итерация 1): 
     1   2   4   6
1    0  -1  -1  -1
2    1   0  -1   0
4    1   1   0   1
6    1   0  -1   0


Матрица максимальных элементов Amax (итерация 2): 
   0   1   1   1
   1   0   1   1
   1   1   0   1
   1   1   0   0


Матрица потерь P (итерация 2): 
   0  14  16  12
   4   0  15   9
   2   3   0   2
   6   9   7   0


Матрица Q (итерация 2): 
  45  45  35  46
  63  45  48  57
  82  69  54  71
  71  60  46  54


Удаляемые решения k и l (итерация 2): 1, 4

Матрица парных сравнений для эксперта 1 (итерация 2): 
     2   6
2    0   1
6   -1   0


Матрица парных сравнений для эксперта 2 (итерация 2): 
     2   6
2    0   1
6   -1   0


Матрица парных сравнений для эксперта 3 (итерация 2): 
     2   6
2    0  -1
6    1   0


Матрица парных сравнений для эксперта 4 (итерация 2): 
     2   6
2    0   0
6    0   0


Матрица парных сравнений для эксперта 5 (итерация 2): 
     2   6
2    0   0
6    0   0


Матрица парных сравнений для эксперта 6 (итерация 2): 
     2   6
2    0  -1
6    1   0


Матрица парных сравнений для эксперта 7 (итерация 2): 
     2   6
2    0  -1
6    1   0


Матрица парных сравнений для эксперта 8 (итерация 2): 
     2   6
2    0   1
6   -1   0


Матрица парных сравнений для эксперта 9 (итерация 2): 
     2   6
2    0   0
6    0   0


Матрица максимальных элементов Amax (итерация 3): 
   0   1
   1   0


Матрица потерь P (итерация 3): 
   0   9
   9   0


Матрица Q (итерация 3): 
   0   9
   9   0


Удаляемые решения k и l (итерация 3): 2, 6

Итоговое групповое ранжирование R для 2-го варианта: [X3, X4, X6, X2, X1, X5]
]]></system-out>
  </testcase>
</testsuite>