<?xml version="1.0" encoding="UTF-8"?>
<testsuite xmlns:xsi="http://www.w3.org/2001/XMLSchema-instance" xsi:noNamespaceSchemaLocation="https://maven.apache.org/surefire/maven-surefire-plugin/xsd/surefire-test-report-3.0.xsd" version="3.0" name="decisions_theory.Assignment1Test" time="0.171" tests="1" errors="0" skipped="0" failures="0">
  <properties>
[...]
</properties>
  <testcase name="testAssignment1" classname="decisions_theory.Assignment1Test" time="0.113">
    <system-out><![CDATA[Матрица максимальных элементов Amax (итерация 1): 
  0  1  1  1  1  1  1  1
  1  0  1  1  1  1  1  1
  1  1  0  1  1  1  1  1
  1  1  1  0  1  1  1  1
  1  1  1  1  0  1  1  1
  1  1 -1 -1  1  0 -1 -1
  1  1  1  1  1  1  0  1
  1  1  1  1  1  1  1  0


Матрица потерь P (итерация 1): 
  0  8  6  8  6  5  6  6
  2  0  6  7  8  5  6  6
  4  4  0  7  4  2  5  6
  2  3  3  0  4  0  2  2
  4  2  6  6  0  4  6  6
  5  5  0  0  6  0  0  0
  4  4  7  8  4  0  0  6
  4  4  6  8  4  0  4  0


Удаляемые решения k и l (итерация 1): 1, 4

Матрица парных сравнений для эксперта 1 (итерация 1): 
    2  3  5  6  7  8
2   0  1  1  1  1  1
3  -1  0  1  1  1  1
5  -1 -1  0  1  1  1
6  -1 -1 -1  0 -1 -1
7  -1 -1 -1  1  0 -1
8  -1 -1 -1  1  1  0


Матрица парных сравнений для эксперта 2 (итерация 1): 
    2  3  5  6  7  8
2   0  1 -1  1  1  1
3  -1  0 -1 -1 -1 -1
5   1  1  0  1  1  1
6  -1 -1 -1  0 -1 -1
7  -1 -1 -1  1  0  0
8  -1 -1 -1  1  0  0


Матрица парных сравнений для эксперта 3 (итерация 1): 
    2  3  5  6  7  8
2   0 -1 -1 -1 -1 -1
3   1  0  1  1  1  1
5   1 -1  0 -1 -1 -1
6   1 -1  1  0 -1 -1
7   1 -1  1  1  0  0
8   1 -1  1  1  0  0


Матрица парных сравнений для эксперта 4 (итерация 1): 
    2  3  5  6  7  8
2   0 -1 -1  0 -1 -1
3   1  0 -1  1 -1 -1
5   1  1  0  1 -1 -1
6   0 -1 -1  0 -1 -1
7   1  1  1  1  0  1
8   1  1  1  1 -1  0


Матрица парных сравнений для эксперта 5 (итерация 1): 
    2  3  5  6  7  8
2   0 -1 -1 -1 -1 -1
3   1  0  1  1  0 -1
5   1 -1  0 -1 -1 -1
6   1 -1  1  0 -1 -1
7   1  0  1  1  0 -1
8   1  1  1  1  1  0


Матрица максимальных элементов Amax (итерация 2): 
  0  1  1  1  1  1
  1  0  1  1  1  1
  1  1  0  1  1  1
  1 -1  1  0 -1 -1
  1  1  1  1  0  1
  1  1  1  1  1  0


Матрица потерь P (итерация 2): 
  0  6  8  5  6  6
  4  0  4  2  5  6
  2  6  0  4  6  6
  5  0  6  0  0  0
  4  7  4  0  0  6
  4  6  4  0  4  0


Удаляемые решения k и l (итерация 2): 2, 3

Матрица парных сравнений для эксперта 1 (итерация 2): 
    5  6  7  8
5   0  1  1  1
6  -1  0 -1 -1
7  -1  1  0 -1
8  -1  1  1  0


Матрица парных сравнений для эксперта 2 (итерация 2): 
    5  6  7  8
5   0  1  1  1
6  -1  0 -1 -1
7  -1  1  0  0
8  -1  1  0  0


Матрица парных сравнений для эксперта 3 (итерация 2): 
    5  6  7  8
5   0 -1 -1 -1
6   1  0 -1 -1
7   1  1  0  0
8   1  1  0  0


Матрица парных сравнений для эксперта 4 (итерация 2): 
    5  6  7  8
5   0  1 -1 -1
6  -1  0 -1 -1
7   1  1  0  1
8   1  1 -1  0


Матрица парных сравнений для эксперта 5 (итерация 2): 
    5  6  7  8
5   0 -1 -1 -1
6   1  0 -1 -1
7   1  1  0 -1
8   1  1  1  0


Матрица максимальных элементов Amax (итерация 3): 
  0  1  1  1
  1  0 -1 -1
  1  1  0  1
  1  1  1  0


Матрица потерь P (итерация 3): 
  0  4  6  6
  6  0  0  0
  4  0  0  6
  4  0  4  0


Удаляемые решения k и l (итерация 3): 5, 8

Матрица парных сравнений для эксперта 1 (итерация 3): 
    6  7
6   0 -1
7   1  0


Матрица парных сравнений для эксперта 2 (итерация 3): 
    6  7
6   0 -1
7   1  0


Матрица парных сравнений для эксперта 3 (итерация 3): 
    6  7
6   0 -1
7   1  0


Матрица парных сравнений для эксперта 4 (итерация 3): 
    6  7
6   0 -1
7   1  0


Матрица парных сравнений для эксперта 5 (итерация 3): 
    6  7
6   0 -1
7   1  0


Матрица максимальных элементов Amax (итерация 4): 
  0 -1
  1  0


Матрица потерь P (итерация 4): 
  0  0
  0  0


Удаляемые решения k и l (итерация 4): 6, 7

Итоговое групповое ранжирование R: [X1, X2, X5, X6, X7, X8, X3, X4]
]]></system-out>
  </testcase>
</testsuite>