<?xml version="1.0" encoding="UTF-8"?>
<testsuite xmlns:xsi="http://www.w3.org/2001/XMLSchema-instance" xsi:noNamespaceSchemaLocation="https://maven.apache.org/surefire/maven-surefire-plugin/xsd/surefire-test-report-3.0.xsd" version="3.0" name="decisions_theory.Assignment3Test" time="0.155" tests="1" errors="0" skipped="0" failures="0">
  <properties>
[...]
</properties>
  <testcase name="testAssignment3" classname="decisions_theory.Assignment3Test" time="0.104">
    <system-out><![CDATA[Матрица максимальных элементов Amax (итерация 1): 
   0   1   1   1   1   1   1
   1   0   1   1   1   1   1
   1   1   0   1   1   1   1
   1   1   1   0   1   1   1
   1   1   1   1   0   1   1
   1   1   1   0   1   0   1
   1   1   1   1   1   1   0


Матрица потерь P (итерация 1): 
   0  11   8  12   4  10   7
   3   0   8  11   4   9   7
   6   6   0   7   4   4   7
   2   3   7   0   2   2   6
  10  10  10  12   0  10  11
   4   5  12   5   4   0   8
   7   7   7   8   3   6   0


Матрица Q (итерация 1): 
 205 206 193 194 220 206 198
 218 205 203 203 230 215 208
 229 219 203 207 238 218 216
 237 228 222 212 248 228 227
 204 194 184 183 205 195 191
 223 214 211 201 234 210 213
 226 216 206 204 233 216 205


Удаляемые решения k и l (итерация 1): 5, 4

Матрица парных сравнений для эксперта 1 (итерация 1): 
     1   2   3   6   7
1    0  -1   1   1   1
2    1   0   1   1   1
3   -1  -1   0   1   1
6   -1  -1  -1   0  -1
7   -1  -1  -1   1   0


Матрица парных сравнений для эксперта 2 (итерация 1): 
     1   2   3   6   7
1    0   1   1   1   0
2   -1   0   1   1  -1
3   -1  -1   0  -1  -1
6   -1  -1  -1   0  -1
7    0   1   1   1   0


Матрица парных сравнений для эксперта 3 (итерация 1): 
     1   2   3   6   7
1    0  -1  -1  -1  -1
2    1   0  -1  -1   0
3    1   1   0   1   1
6    1   1  -1   0   1
7    1   0  -1  -1   0


Матрица парных сравнений для эксперта 4 (итерация 1): 
     1   2   3   6   7
1    0  -1  -1  -1   1
2    1   0  -1   0   1
3    1   1   0   1   1
6    1   0  -1   0   1
7   -1  -1  -1  -1   0


Матрица парных сравнений для эксперта 5 (итерация 1): 
     1   2   3   6   7
1    0   0   1  -1   1
2    0   0   1  -1   1
3   -1  -1   0  -1  -1
6    1   1   1   0   1
7   -1  -1   1  -1   0


Матрица парных сравнений для эксперта 6 (итерация 1): 
     1   2   3   6   7
1    0  -1  -1  -1  -1
2    1   0  -1  -1  -1
3    1   1   0   1  -1
6    1   1  -1   0  -1
7    1   1   1   1   0


Матрица парных сравнений для эксперта 7 (итерация 1): 
     1   2   3   6   7
1    0  -1  -1  -1  -1
2    1   0  -1  -1  -1
3    1   1   0   1   0
6    1   1  -1   0  -1
7    1   1   0   1   0


Матрица максимальных элементов Amax (итерация 2): 
   0   1   1   1   1
   1   0   1   1   1
   1   1   0   1   1
   1   1   1   0   1
   1   1   1   1   0


Матрица потерь P (итерация 2): 
   0  11   8  10   7
   3   0   8   9   7
   6   6   0   4   7
   4   5  12   0   8
   7   7   7   6   0


Матрица Q (итерация 2): 
  86  88  79  87  84
  98  86  88  95  93
 105  96  84  94  97
  97  89  90  84  92
 102  93  87  92  86


Удаляемые решения k и l (итерация 2): 1, 3

Матрица парных сравнений для эксперта 1 (итерация 2): 
     2   6   7
2    0   1   1
6   -1   0  -1
7   -1   1   0


Матрица парных сравнений для эксперта 2 (итерация 2): 
     2   6   7
2    0   1  -1
6   -1   0  -1
7    1   1   0


Матрица парных сравнений для эксперта 3 (итерация 2): 
     2   6   7
2    0  -1   0
6    1   0   1
7    0  -1   0


Матрица парных сравнений для эксперта 4 (итерация 2): 
     2   6   7
2    0   0   1
6    0   0   1
7   -1  -1   0


Матрица парных сравнений для эксперта 5 (итерация 2): 
     2   6   7
2    0  -1   1
6    1   0   1
7   -1  -1   0


Матрица парных сравнений для эксперта 6 (итерация 2): 
     2   6   7
2    0  -1  -1
6    1   0  -1
7    1   1   0


Матрица парных сравнений для эксперта 7 (итерация 2): 
     2   6   7
2    0  -1  -1
6    1   0  -1
7    1   1   0


Матрица максимальных элементов Amax (итерация 3): 
   0   1   1
   1   0   1
   1   1   0


Матрица потерь P (итерация 3): 
   0   9   7
   5   0   8
   7   6   0


Матрица Q (итерация 3): 
  14  20  18
  22  14  22
  24  20  14


Удаляемые решения k и l (итерация 3): 2, 7

Итоговое групповое ранжирование R для 3-го варианта: [X4, X3, X7, X6, X2, X1, X5]
]]></system-out>
  </testcase>
</testsuite>