<?xml version="1.0" encoding="UTF-8"?>
<testsuite xmlns:xsi="http://www.w3.org/2001/XMLSchema-instance" xsi:noNamespaceSchemaLocation="https://maven.apache.org/surefire/maven-surefire-plugin/xsd/surefire-test-report-3.0.xsd" version="3.0" name="decisions_theory.TestMain" time="0.032" tests="5" errors="0" skipped="0" failures="0">
  <properties>
[...]
</properties>
  <testcase name="testExclusionBasedOnPreferenceIdeal" classname="decisions_theory.TestMain" time="0.004"/>
  <testcase name="testModifiedVector" classname="decisions_theory.TestMain" time="0.003"/>
  <testcase name="testExclusionBasedOnPreferenceK1K2" classname="decisions_theory.TestMain" time="0.006"/>
  <testcase name="testExclusionBasedOnPreferenceK4K5" classname="decisions_theory.TestMain" time="0.006"/>
  <testcase name="testIdealAlternativeDominatesAllAlternatives" classname="decisions_theory.TestMain" time="0.002"/>
</testsuite>